# JRE version: Java(TM) SE Runtime Environment (8.0_45-b15) (build 1.8.0_45-b15)
# Java VM: Java HotSpot(TM) 64-Bit Server VM (25.45-b02 mixed mode windows-amd64 compressed oops)
Heap:
 PSYoungGen      total 279552K, used 186643K [0x000000076c000000, 0x0000000781d80000, 0x00000007c0000000)
  eden space 266752K, 69% used [0x000000076c000000,0x0000000777644cb0,0x000000077c480000)
  from space 12800K, 0% used [0x000000077c480000,0x000000077c480000,0x000000077d100000)
  to   space 17408K, 0% used [0x0000000780c80000,0x0000000780c80000,0x0000000781d80000)
 ParOldGen       total 217088K, used 31135K [0x00000006c4000000, 0x00000006d1400000, 0x000000076c000000)
  object space 217088K, 14% used [0x00000006c4000000,0x00000006c5e67d08,0x00000006d1400000)
 Metaspace       used 64363K, capacity 68061K, committed 68184K, reserved 1107968K
  class space    used 9132K, capacity 9763K, committed 9856K, reserved 1048576K
GC Heap History (10 events):
Event: 2.342 GC heap before
{Heap before GC invocations=8 (full 1):
 PSYoungGen      total 176128K, used 30684K [0x000000076c000000, 0x0000000779400000, 0x00000007c0000000)
  eden space 165376K, 12% used [0x000000076c000000,0x000000076d3776f8,0x0000000776180000)
  from space 10752K, 99% used [0x0000000776e00000,0x000000077787f930,0x0000000777880000)
  to   space 12800K, 0% used [0x0000000776180000,0x0000000776180000,0x0000000776e00000)
 ParOldGen       total 98816K, used 8498K [0x00000006c4000000, 0x00000006ca080000, 0x000000076c000000)
  object space 98816K, 8% used [0x00000006c4000000,0x00000006c484c870,0x00000006ca080000)
 Metaspace       used 33394K, capacity 35382K, committed 35456K, reserved 1079296K
  class space    used 4596K, capacity 4974K, committed 4992K, reserved 1048576K
Event: 2.346 GC heap after
Heap after GC invocations=8 (full 1):
 PSYoungGen      total 178176K, used 8201K [0x000000076c000000, 0x000000077e000000, 0x00000007c0000000)
  eden space 165376K, 0% used [0x000000076c000000,0x000000076c000000,0x0000000776180000)
  from space 12800K, 64% used [0x0000000776180000,0x00000007769826b8,0x0000000776e00000)
  to   space 12288K, 0% used [0x000000077d400000,0x000000077d400000,0x000000077e000000)
 ParOldGen       total 98816K, used 8506K [0x00000006c4000000, 0x00000006ca080000, 0x000000076c000000)
  object space 98816K, 8% used [0x00000006c4000000,0x00000006c484e870,0x00000006ca080000)
 Metaspace       used 33394K, capacity 35382K, committed 35456K, reserved 1079296K
  class space    used 4596K, capacity 4974K, committed 4992K, reserved 1048576K
}
Event: 2.346 GC heap before
{Heap before GC invocations=9 (full 2):
 PSYoungGen      total 178176K, used 8201K [0x000000076c000000, 0x000000077e000000, 0x00000007c0000000)
  eden space 165376K, 0% used [0x000000076c000000,0x000000076c000000,0x0000000776180000)
  from space 12800K, 64% used [0x0000000776180000,0x00000007769826b8,0x0000000776e00000)
  to   space 12288K, 0% used [0x000000077d400000,0x000000077d400000,0x000000077e000000)
 ParOldGen       total 98816K, used 8506K [0x00000006c4000000, 0x00000006ca080000, 0x000000076c000000)
  object space 98816K, 8% used [0x00000006c4000000,0x00000006c484e870,0x00000006ca080000)
 Metaspace       used 33394K, capacity 35382K, committed 35456K, reserved 1079296K
  class space    used 4596K, capacity 4974K, committed 4992K, reserved 1048576K
Event: 2.374 GC heap after
Heap after GC invocations=9 (full 2):
 PSYoungGen      total 178176K, used 0K [0x000000076c000000, 0x000000077e000000, 0x00000007c0000000)
  eden space 165376K, 0% used [0x000000076c000000,0x000000076c000000,0x0000000776180000)
  from space 12800K, 0% used [0x0000000776180000,0x0000000776180000,0x0000000776e00000)
  to   space 12288K, 0% used [0x000000077d400000,0x000000077d400000,0x000000077e000000)
 ParOldGen       total 145408K, used 12894K [0x00000006c4000000, 0x00000006cce00000, 0x000000076c000000)
  object space 145408K, 8% used [0x00000006c4000000,0x00000006c4c97bf8,0x00000006cce00000)
 Metaspace       used 33394K, capacity 35382K, committed 35456K, reserved 1079296K
  class space    used 4596K, capacity 4974K, committed 4992K, reserved 1048576K
}
Event: 2.944 GC heap before
{Heap before GC invocations=10 (full 2):
 PSYoungGen      total 178176K, used 165145K [0x000000076c000000, 0x000000077e000000, 0x00000007c0000000)
  eden space 165376K, 99% used [0x000000076c000000,0x0000000776146410,0x0000000776180000)
  from space 12800K, 0% used [0x0000000776180000,0x0000000776180000,0x0000000776e00000)
  to   space 12288K, 0% used [0x000000077d400000,0x000000077d400000,0x000000077e000000)
 ParOldGen       total 145408K, used 12894K [0x00000006c4000000, 0x00000006cce00000, 0x000000076c000000)
  object space 145408K, 8% used [0x00000006c4000000,0x00000006c4c97bf8,0x00000006cce00000)
 Metaspace       used 41205K, capacity 43524K, committed 43904K, reserved 1087488K
  class space    used 5749K, capacity 6185K, committed 6272K, reserved 1048576K
Event: 2.951 GC heap after
Heap after GC invocations=10 (full 2):
 PSYoungGen      total 260608K, used 9367K [0x000000076c000000, 0x000000077dd80000, 0x00000007c0000000)
  eden space 250880K, 0% used [0x000000076c000000,0x000000076c000000,0x000000077b500000)
  from space 9728K, 96% used [0x000000077d400000,0x000000077dd25dd8,0x000000077dd80000)
  to   space 12800K, 0% used [0x000000077c480000,0x000000077c480000,0x000000077d100000)
 ParOldGen       total 145408K, used 12902K [0x00000006c4000000, 0x00000006cce00000, 0x000000076c000000)
  object space 145408K, 8% used [0x00000006c4000000,0x00000006c4c99bf8,0x00000006cce00000)
 Metaspace       used 41205K, capacity 43524K, committed 43904K, reserved 1087488K
  class space    used 5749K, capacity 6185K, committed 6272K, reserved 1048576K
}
Event: 4.151 GC heap before
{Heap before GC invocations=11 (full 2):
 PSYoungGen      total 260608K, used 258287K [0x000000076c000000, 0x000000077dd80000, 0x00000007c0000000)
  eden space 250880K, 99% used [0x000000076c000000,0x000000077b315fb0,0x000000077b500000)
  from space 9728K, 96% used [0x000000077d400000,0x000000077dd25dd8,0x000000077dd80000)
  to   space 12800K, 0% used [0x000000077c480000,0x000000077c480000,0x000000077d100000)
 ParOldGen       total 145408K, used 12902K [0x00000006c4000000, 0x00000006cce00000, 0x000000076c000000)
  object space 145408K, 8% used [0x00000006c4000000,0x00000006c4c99bf8,0x00000006cce00000)
 Metaspace       used 55838K, capacity 58907K, committed 59096K, reserved 1099776K
  class space    used 7926K, capacity 8448K, committed 8448K, reserved 1048576K
Event: 4.162 GC heap after
Heap after GC invocations=11 (full 2):
 PSYoungGen      total 279552K, used 12769K [0x000000076c000000, 0x0000000781d80000, 0x00000007c0000000)
  eden space 266752K, 0% used [0x000000076c000000,0x000000076c000000,0x000000077c480000)
  from space 12800K, 99% used [0x000000077c480000,0x000000077d0f8690,0x000000077d100000)
  to   space 17408K, 0% used [0x0000000780c80000,0x0000000780c80000,0x0000000781d80000)
 ParOldGen       total 145408K, used 20904K [0x00000006c4000000, 0x00000006cce00000, 0x000000076c000000)
  object space 145408K, 14% used [0x00000006c4000000,0x00000006c546a0b8,0x00000006cce00000)
 Metaspace       used 55838K, capacity 58907K, committed 59096K, reserved 1099776K
  class space    used 7926K, capacity 8448K, committed 8448K, reserved 1048576K
}
Event: 4.162 GC heap before
{Heap before GC invocations=12 (full 3):
 PSYoungGen      total 279552K, used 12769K [0x000000076c000000, 0x0000000781d80000, 0x00000007c0000000)
  eden space 266752K, 0% used [0x000000076c000000,0x000000076c000000,0x000000077c480000)
  from space 12800K, 99% used [0x000000077c480000,0x000000077d0f8690,0x000000077d100000)
  to   space 17408K, 0% used [0x0000000780c80000,0x0000000780c80000,0x0000000781d80000)
 ParOldGen       total 145408K, used 20904K [0x00000006c4000000, 0x00000006cce00000, 0x000000076c000000)
  object space 145408K, 14% used [0x00000006c4000000,0x00000006c546a0b8,0x00000006cce00000)
 Metaspace       used 55838K, capacity 58907K, committed 59096K, reserved 1099776K
  class space    used 7926K, capacity 8448K, committed 8448K, reserved 1048576K
Event: 4.267 GC heap after
Heap after GC invocations=12 (full 3):
 PSYoungGen      total 279552K, used 0K [0x000000076c000000, 0x0000000781d80000, 0x00000007c0000000)
  eden space 266752K, 0% used [0x000000076c000000,0x000000076c000000,0x000000077c480000)
  from space 12800K, 0% used [0x000000077c480000,0x000000077c480000,0x000000077d100000)
  to   space 17408K, 0% used [0x0000000780c80000,0x0000000780c80000,0x0000000781d80000)
 ParOldGen       total 217088K, used 31135K [0x00000006c4000000, 0x00000006d1400000, 0x000000076c000000)
  object space 217088K, 14% used [0x00000006c4000000,0x00000006c5e67d08,0x00000006d1400000)
 Metaspace       used 55838K, capacity 58907K, committed 59096K, reserved 1099776K
  class space    used 7926K, capacity 8448K, committed 8448K, reserved 1048576K
}

